<?xml version="1.0" encoding="UTF-8"?>
<testsuite xmlns:xsi="http://www.w3.org/2001/XMLSchema-instance" xsi:noNamespaceSchemaLocation="https://maven.apache.org/surefire/maven-surefire-plugin/xsd/surefire-test-report-3.0.xsd" version="3.0" name="cloud.genesys.webmessaging.sdk.ConfigurationTest" time="0.323" tests="3" errors="0" skipped="0" failures="0">
  <properties>
[...]
</properties>
  <testcase name="testGetDefaultApiClientReturnsSameInstance" classname="cloud.genesys.webmessaging.sdk.ConfigurationTest" time="0.316">
    <system-err><![CDATA[SLF4J: No SLF4J providers were found.
SLF4J: Defaulting to no-operation (NOP) logger implementation
SLF4J: See https://www.slf4j.org/codes.html#noProviders for further details.
]]></system-err>
  </testcase>
  <testcase name="testGetDefaultApiClientReturnsNonNull" classname="cloud.genesys.webmessaging.sdk.ConfigurationTest" time="0.0"/>
  <testcase name="testSetDefaultApiClient" classname="cloud.genesys.webmessaging.sdk.ConfigurationTest" time="0.002"/>
</testsuite>