<?xml version="1.0" encoding="UTF-8"?>
<testsuite xmlns:xsi="http://www.w3.org/2001/XMLSchema-instance" xsi:noNamespaceSchemaLocation="https://maven.apache.org/surefire/maven-surefire-plugin/xsd/surefire-test-report-3.0.xsd" version="3.0" name="cloud.genesys.webmessaging.sdk.model.WebMessagingContentTest" time="0.012" tests="15" errors="0" skipped="0" failures="0">
  <properties>
[...]
</properties>
  <testcase name="testFluentSetter_carousel" classname="cloud.genesys.webmessaging.sdk.model.WebMessagingContentTest" time="0.001"/>
  <testcase name="testToStringContainsClassName" classname="cloud.genesys.webmessaging.sdk.model.WebMessagingContentTest" time="0.0"/>
  <testcase name="testJsonRoundTrip" classname="cloud.genesys.webmessaging.sdk.model.WebMessagingContentTest" time="0.006"/>
  <testcase name="testEqualsDifferentType" classname="cloud.genesys.webmessaging.sdk.model.WebMessagingContentTest" time="0.0"/>
  <testcase name="testConstruction" classname="cloud.genesys.webmessaging.sdk.model.WebMessagingContentTest" time="0.0"/>
  <testcase name="testFluentSetter_buttonResponse" classname="cloud.genesys.webmessaging.sdk.model.WebMessagingContentTest" time="0.0"/>
  <testcase name="testEqualsSameInstance" classname="cloud.genesys.webmessaging.sdk.model.WebMessagingContentTest" time="0.001"/>
  <testcase name="testEqualsNull" classname="cloud.genesys.webmessaging.sdk.model.WebMessagingContentTest" time="0.0"/>
  <testcase name="testEqualsEmptyInstances" classname="cloud.genesys.webmessaging.sdk.model.WebMessagingContentTest" time="0.0"/>
  <testcase name="testFluentSetter_listPicker" classname="cloud.genesys.webmessaging.sdk.model.WebMessagingContentTest" time="0.001"/>
  <testcase name="testFluentSetter_datePicker" classname="cloud.genesys.webmessaging.sdk.model.WebMessagingContentTest" time="0.0"/>
  <testcase name="testHashCodeConsistentWithEquals" classname="cloud.genesys.webmessaging.sdk.model.WebMessagingContentTest" time="0.0"/>
  <testcase name="testFluentSetter_generic" classname="cloud.genesys.webmessaging.sdk.model.WebMessagingContentTest" time="0.0"/>
  <testcase name="testFluentSetter_quickReply" classname="cloud.genesys.webmessaging.sdk.model.WebMessagingContentTest" time="0.0"/>
  <testcase name="testFluentSetter_card" classname="cloud.genesys.webmessaging.sdk.model.WebMessagingContentTest" time="0.0"/>
</testsuite>